<?xml version="1.0" encoding="UTF-8"?>
<testsuites name="New Test Suite" time="18.597" tests="1" failures="0" errors="0">
   <testsuite name="New Test Suite" tests="1" failures="0" errors="0" time="18.597" skipped="0" timestamp="2023-06-07 12:22:57" hostname="thanh.pnguyen - 10.10.34.51" id="Test Suites/New Test Suite">
      <properties>
[...]
</properties>
      <testcase name="Test Cases/BrowserStack Test/Browserstack_Web" time="18.195" classname="Test Cases/BrowserStack Test/Browserstack_Web" status="PASSED">
         <system-out><![CDATA[2023-06-07 12:22:57 - [TEST_CASE][PASSED] - Test Cases/BrowserStack Test/Browserstack_Web: Test Cases/BrowserStack Test/Browserstack_Web

2023-06-07 12:22:58 - [TEST_STEP][PASSED] - openBrowser(""): Browser is opened with url: ''

2023-06-07 12:22:58 - [MESSAGE][INFO] - User set preference: ['os', 'OS X']

2023-06-07 12:22:58 - [MESSAGE][INFO] - User set preference: ['os_version', 'Monterey']

2023-06-07 12:22:58 - [MESSAGE][INFO] - User set preference: ['browserName', 'Edge']

2023-06-07 12:22:58 - [MESSAGE][INFO] - User set preference: ['browser_version', '112.0']

2023-06-07 12:22:58 - [MESSAGE][INFO] - User set preference: ['debug', 'true']

2023-06-07 12:22:58 - [MESSAGE][INFO] - User set preference: ['networkLogs', 'true']

2023-06-07 12:22:58 - [MESSAGE][INFO] - Connecting to remote web server 'hub-cloud.browserstack.com/wd/hub' with type 'Selenium'

2023-06-07 12:22:58 - [MESSAGE][INFO] - Action delay is set to 0 milliseconds

2023-06-07 12:23:07 - [MESSAGE][PASSED] - Browser is opened with url: ''

2023-06-07 12:23:07 - [TEST_STEP][PASSED] - navigateToUrl("https://katalon-demo-cura.herokuapp.com/"): Navigate to 'https://katalon-demo-cura.herokuapp.com/' successfully

2023-06-07 12:23:10 - [MESSAGE][PASSED] - Navigate to 'https://katalon-demo-cura.herokuapp.com/' successfully

2023-06-07 12:23:10 - [TEST_STEP][PASSED] - click(findTestObject("Web Browser/a_Make Appointment")): Object: 'Object Repository/Web Browser/a_Make Appointment' is clicked on

2023-06-07 12:23:11 - [MESSAGE][PASSED] - Object: 'Object Repository/Web Browser/a_Make Appointment' is clicked on

2023-06-07 12:23:11 - [TEST_STEP][PASSED] - setText(findTestObject("Web Browser/input_Username_username"), "John Doe"): Text 'John Doe' is set on object 'Object Repository/Web Browser/input_Username_username'

2023-06-07 12:23:13 - [MESSAGE][PASSED] - Text 'John Doe' is set on object 'Object Repository/Web Browser/input_Username_username'

2023-06-07 12:23:13 - [TEST_STEP][PASSED] - setEncryptedText(findTestObject("Web Browser/input_Password_password"), "g3/DOGG74jC3Flrr3yH+3D/yKbOqqUNM"): Text ****** has been set on object 'Object Repository/Web Browser/input_Password_password'

2023-06-07 12:23:14 - [MESSAGE][PASSED] - Text ****** has been set on object 'Object Repository/Web Browser/input_Password_password'

2023-06-07 12:23:14 - [TEST_STEP][PASSED] - click(findTestObject("Web Browser/button_Login")): Object: 'Object Repository/Web Browser/button_Login' is clicked on

2023-06-07 12:23:16 - [MESSAGE][PASSED] - Object: 'Object Repository/Web Browser/button_Login' is clicked on]]></system-out>
         <system-err><![CDATA[]]></system-err>
      </testcase>
      <system-out><![CDATA[2023-06-07 12:22:57 - [TEST_SUITE][PASSED] - New Test Suite: Test Cases/BrowserStack Test/Browserstack_Web]]></system-out>
      <system-err><![CDATA[]]></system-err>
   </testsuite>
</testsuites>
