<?xml version="1.0" encoding="UTF-8"?>
<testsuites name="New Test Suite" time="20.349" tests="1" failures="0" errors="0">
   <testsuite name="New Test Suite" tests="1" failures="0" errors="0" time="20.349" skipped="0" timestamp="2023-05-24 09:32:49" hostname="thanh.pnguyen - 10.10.33.152" id="Test Suites/New Test Suite">
      <properties>
[...]
</properties>
      <testcase name="Test Cases/Lambda Testing/Remote Web browser" time="19.958" classname="Test Cases/Lambda Testing/Remote Web browser" status="PASSED">
         <system-out><![CDATA[2023-05-24 09:32:49 - [TEST_CASE][PASSED] - Test Cases/Lambda Testing/Remote Web browser: Test Cases/Lambda Testing/Remote Web browser

2023-05-24 09:32:50 - [TEST_STEP][PASSED] - openBrowser(""): Browser is opened with url: ''

2023-05-24 09:32:50 - [MESSAGE][INFO] - User set preference: ['os', 'OS X']

2023-05-24 09:32:50 - [MESSAGE][INFO] - User set preference: ['os_version', 'Ventura']

2023-05-24 09:32:50 - [MESSAGE][INFO] - User set preference: ['browser', 'Safari']

2023-05-24 09:32:50 - [MESSAGE][INFO] - User set preference: ['browser_version', '16.0']

2023-05-24 09:32:50 - [MESSAGE][INFO] - Connecting to remote web server 'hub-cloud.browserstack.com/wd/hub' with type 'Selenium'

2023-05-24 09:32:50 - [MESSAGE][INFO] - Action delay is set to 0 milliseconds

2023-05-24 09:32:59 - [MESSAGE][PASSED] - Browser is opened with url: ''

2023-05-24 09:32:59 - [TEST_STEP][PASSED] - navigateToUrl("https://katalon.com"): Navigate to 'https://katalon.com' successfully

2023-05-24 09:33:01 - [MESSAGE][PASSED] - Navigate to 'https://katalon.com' successfully

2023-05-24 09:33:01 - [TEST_STEP][PASSED] - delay(8): Delayed 8 second(s)

2023-05-24 09:33:09 - [MESSAGE][PASSED] - Delayed 8 second(s)]]></system-out>
         <system-err><![CDATA[]]></system-err>
      </testcase>
      <system-out><![CDATA[2023-05-24 09:32:49 - [TEST_SUITE][PASSED] - New Test Suite: Test Cases/Lambda Testing/Remote Web browser]]></system-out>
      <system-err><![CDATA[]]></system-err>
   </testsuite>
</testsuites>
